mode: set
github.com/adamszpilewicz/bookings/cmd/web/main.go:22.13,25.16 2 0
github.com/adamszpilewicz/bookings/cmd/web/main.go:29.2,37.16 4 0
github.com/adamszpilewicz/bookings/cmd/web/main.go:25.16,27.3 1 0
github.com/adamszpilewicz/bookings/cmd/web/main.go:37.16,39.3 1 0
github.com/adamszpilewicz/bookings/cmd/web/main.go:42.18,57.16 10 1
github.com/adamszpilewicz/bookings/cmd/web/main.go:62.2,70.12 6 1
github.com/adamszpilewicz/bookings/cmd/web/main.go:57.16,60.3 2 0
github.com/adamszpilewicz/bookings/cmd/web/middleware.go:8.45,17.2 3 1
github.com/adamszpilewicz/bookings/cmd/web/middleware.go:19.50,21.2 1 1
github.com/adamszpilewicz/bookings/cmd/web/routes.go:11.49,37.2 18 1
